This is pdfTeX, Version 3.141592653-2.6-1.40.24 (MiKTeX 22.10) (preloaded format=pdflatex 2022.12.23)  4 JUN 2024 09:41
entering extended mode
 restricted \write18 enabled.
 %&-line parsing enabled.
**./main.tex
(main.tex
LaTeX2e <2022-06-01> patch level 5
L3 programming layer <2022-09-28> (D:\MikTex\tex/latex/base\article.cls
Document Class: article 2021/10/04 v1.4n Standard LaTeX document class
(D:\MikTex\tex/latex/base\size10.clo
File: size10.clo 2021/10/04 v1.4n Standard LaTeX file (size option)
)
\c@part=\count185
\c@section=\count186
\c@subsection=\count187
\c@subsubsection=\count188
\c@paragraph=\count189
\c@subparagraph=\count190
\c@figure=\count191
\c@table=\count192
\abovecaptionskip=\skip47
\belowcaptionskip=\skip48
\bibindent=\dimen138
) (D:\MikTex\tex/generic/babel\babel.sty
Package: babel 2022/10/04 3.81 The Babel package
\babel@savecnt=\count193
\U@D=\dimen139
\l@unhyphenated=\language79

(D:\MikTex\tex/generic/babel\txtbabel.def)
\bbl@readstream=\read2
\bbl@dirlevel=\count194

*************************************
* Local config file bblopts.cfg used
*
(D:\MikTex\tex/latex/arabi\bblopts.cfg
File: bblopts.cfg 2005/09/08 v0.1 add Arabic and Farsi to "declared" options of
 babel
)
(D:\MikTex\tex/latex/babel-english\english.ldf
Language: english 2017/06/06 v3.3r English support from the babel system
Package babel Info: Hyphen rules for 'canadian' set to \l@english
(babel)             (\language0). Reported on input line 102.
Package babel Info: Hyphen rules for 'australian' set to \l@ukenglish
(babel)             (\language73). Reported on input line 105.
Package babel Info: Hyphen rules for 'newzealand' set to \l@ukenglish
(babel)             (\language73). Reported on input line 108.
))
(D:\MikTex\tex/generic/babel/locale/en\babel-english.tex
Package babel Info: Importing font and identification data for english
(babel)             from babel-en.ini. Reported on input line 11.
)
(D:\MikTex\tex/latex/geometry\geometry.sty
Package: geometry 2020/01/02 v5.9 Page Geometry

(D:\MikTex\tex/latex/graphics\keyval.sty
Package: keyval 2022/05/29 v1.15 key=value parser (DPC)
\KV@toks@=\toks16
)
(D:\MikTex\tex/generic/iftex\ifvtex.sty
Package: ifvtex 2019/10/25 v1.7 ifvtex legacy package. Use iftex instead.
 (D:\MikTex\tex/generic/iftex\iftex.sty
Package: iftex 2022/02/03 v1.0f TeX engine tests
))
\Gm@cnth=\count195
\Gm@cntv=\count196
\c@Gm@tempcnt=\count197
\Gm@bindingoffset=\dimen140
\Gm@wd@mp=\dimen141
\Gm@odd@mp=\dimen142
\Gm@even@mp=\dimen143
\Gm@layoutwidth=\dimen144
\Gm@layoutheight=\dimen145
\Gm@layouthoffset=\dimen146
\Gm@layoutvoffset=\dimen147
\Gm@dimlist=\toks17
 (D:\MikTex\tex/latex/geometry\geometry.cfg))
(D:\MikTex\tex/latex/tools\array.sty
Package: array 2022/03/10 v2.5f Tabular extension package (FMi)
\col@sep=\dimen148
\ar@mcellbox=\box51
\extrarowheight=\dimen149
\NC@list=\toks18
\extratabsurround=\skip49
\backup@length=\skip50
\ar@cellbox=\box52
) (D:\MikTex\tex/latex/tocloft\tocloft.sty
Package: tocloft 2017/08/31 v2.3i parameterised ToC, etc., typesetting
Package tocloft Info: The document has section divisions on input line 51.
\cftparskip=\skip51
\cftbeforetoctitleskip=\skip52
\cftaftertoctitleskip=\skip53
\cftbeforepartskip=\skip54
\cftpartnumwidth=\skip55
\cftpartindent=\skip56
\cftbeforesecskip=\skip57
\cftsecindent=\skip58
\cftsecnumwidth=\skip59
\cftbeforesubsecskip=\skip60
\cftsubsecindent=\skip61
\cftsubsecnumwidth=\skip62
\cftbeforesubsubsecskip=\skip63
\cftsubsubsecindent=\skip64
\cftsubsubsecnumwidth=\skip65
\cftbeforeparaskip=\skip66
\cftparaindent=\skip67
\cftparanumwidth=\skip68
\cftbeforesubparaskip=\skip69
\cftsubparaindent=\skip70
\cftsubparanumwidth=\skip71
\cftbeforeloftitleskip=\skip72
\cftafterloftitleskip=\skip73
\cftbeforefigskip=\skip74
\cftfigindent=\skip75
\cftfignumwidth=\skip76
\c@lofdepth=\count198
\c@lotdepth=\count199
\cftbeforelottitleskip=\skip77
\cftafterlottitleskip=\skip78
\cftbeforetabskip=\skip79
\cfttabindent=\skip80
\cfttabnumwidth=\skip81
) (D:\MikTex\tex/latex/hyperref\hyperref.sty
Package: hyperref 2022-09-22 v7.00t Hypertext links for LaTeX

(D:\MikTex\tex/generic/ltxcmds\ltxcmds.sty
Package: ltxcmds 2020-05-10 v1.25 LaTeX kernel commands for general use (HO)
)
(D:\MikTex\tex/generic/pdftexcmds\pdftexcmds.sty
Package: pdftexcmds 2020-06-27 v0.33 Utility functions of pdfTeX for LuaTeX (HO
)

(D:\MikTex\tex/generic/infwarerr\infwarerr.sty
Package: infwarerr 2019/12/03 v1.5 Providing info/warning/error messages (HO)
)
Package pdftexcmds Info: \pdf@primitive is available.
Package pdftexcmds Info: \pdf@ifprimitive is available.
Package pdftexcmds Info: \pdfdraftmode found.
)
(D:\MikTex\tex/latex/kvsetkeys\kvsetkeys.sty
Package: kvsetkeys 2022-10-05 v1.19 Key value parser (HO)
)
(D:\MikTex\tex/generic/kvdefinekeys\kvdefinekeys.sty
Package: kvdefinekeys 2019-12-19 v1.6 Define keys (HO)
)
(D:\MikTex\tex/generic/pdfescape\pdfescape.sty
Package: pdfescape 2019/12/09 v1.15 Implements pdfTeX's escape features (HO)
)
(D:\MikTex\tex/latex/hycolor\hycolor.sty
Package: hycolor 2020-01-27 v1.10 Color options for hyperref/bookmark (HO)
)
(D:\MikTex\tex/latex/letltxmacro\letltxmacro.sty
Package: letltxmacro 2019/12/03 v1.6 Let assignment for LaTeX macros (HO)
)
(D:\MikTex\tex/latex/auxhook\auxhook.sty
Package: auxhook 2019-12-17 v1.6 Hooks for auxiliary files (HO)
)
(D:\MikTex\tex/latex/hyperref\nameref.sty
Package: nameref 2022-05-17 v2.50 Cross-referencing by name of section

(D:\MikTex\tex/latex/refcount\refcount.sty
Package: refcount 2019/12/15 v3.6 Data extraction from label references (HO)
)
(D:\MikTex\tex/generic/gettitlestring\gettitlestring.sty
Package: gettitlestring 2019/12/15 v1.6 Cleanup title references (HO)

(D:\MikTex\tex/latex/kvoptions\kvoptions.sty
Package: kvoptions 2022-06-15 v3.15 Key value format for package options (HO)
))
\c@section@level=\count266
)
\@linkdim=\dimen150
\Hy@linkcounter=\count267
\Hy@pagecounter=\count268

(D:\MikTex\tex/latex/hyperref\pd1enc.def
File: pd1enc.def 2022-09-22 v7.00t Hyperref: PDFDocEncoding definition (HO)
Now handling font encoding PD1 ...
... no UTF-8 mapping file for font encoding PD1
)
(D:\MikTex\tex/generic/intcalc\intcalc.sty
Package: intcalc 2019/12/15 v1.3 Expandable calculations with integers (HO)
)
(D:\MikTex\tex/generic/etexcmds\etexcmds.sty
Package: etexcmds 2019/12/15 v1.7 Avoid name clashes with e-TeX commands (HO)
)
\Hy@SavedSpaceFactor=\count269

(D:\MikTex\tex/latex/hyperref\puenc.def
File: puenc.def 2022-09-22 v7.00t Hyperref: PDF Unicode definition (HO)
Now handling font encoding PU ...
... no UTF-8 mapping file for font encoding PU
)
Package hyperref Info: Hyper figures OFF on input line 4162.
Package hyperref Info: Link nesting OFF on input line 4167.
Package hyperref Info: Hyper index ON on input line 4170.
Package hyperref Info: Plain pages OFF on input line 4177.
Package hyperref Info: Backreferencing OFF on input line 4182.
Package hyperref Info: Implicit mode ON; LaTeX internals redefined.
\stockwidth=\dimen151
\stockheight=\dimen152
Package hyperref Info: Bookmarks ON on input line 4410.
\c@Hy@tempcnt=\count270
 (D:\MikTex\tex/latex/url\url.sty
\Urlmuskip=\muskip16
Package: url 2013/09/16  ver 3.4  Verb mode for urls, etc.
)
LaTeX Info: Redefining \url on input line 4748.
\XeTeXLinkMargin=\dimen153

(D:\MikTex\tex/generic/bitset\bitset.sty
Package: bitset 2019/12/09 v1.3 Handle bit-vector datatype (HO)

(D:\MikTex\tex/generic/bigintcalc\bigintcalc.sty
Package: bigintcalc 2019/12/15 v1.5 Expandable calculations on big integers (HO
)
))
\Fld@menulength=\count271
\Field@Width=\dimen154
\Fld@charsize=\dimen155
Package hyperref Info: Hyper figures OFF on input line 6027.
Package hyperref Info: Link nesting OFF on input line 6032.
Package hyperref Info: Hyper index ON on input line 6035.
Package hyperref Info: backreferencing OFF on input line 6042.
Package hyperref Info: Link coloring OFF on input line 6047.
Package hyperref Info: Link coloring with OCG OFF on input line 6052.
Package hyperref Info: PDF/A mode OFF on input line 6057.

(D:\MikTex\tex/latex/base\atbegshi-ltx.sty
Package: atbegshi-ltx 2021/01/10 v1.0c Emulation of the original atbegshi
package with kernel methods
)
\Hy@abspage=\count272
\c@Item=\count273
\c@Hfootnote=\count274
)
Package hyperref Info: Driver (autodetected): hpdftex.

(D:\MikTex\tex/latex/hyperref\hpdftex.def
File: hpdftex.def 2022-09-22 v7.00t Hyperref driver for pdfTeX

(D:\MikTex\tex/latex/base\atveryend-ltx.sty
Package: atveryend-ltx 2020/08/19 v1.0a Emulation of the original atveryend pac
kage
with kernel methods
)
\Fld@listcount=\count275
\c@bookmark@seq@number=\count276

(D:\MikTex\tex/latex/rerunfilecheck\rerunfilecheck.sty
Package: rerunfilecheck 2022-07-10 v1.10 Rerun checks for auxiliary files (HO)

(D:\MikTex\tex/generic/uniquecounter\uniquecounter.sty
Package: uniquecounter 2019/12/15 v1.4 Provide unlimited unique counter (HO)
)
Package uniquecounter Info: New unique counter `rerunfilecheck' on input line 2
85.
)
\Hy@SectionHShift=\skip82
)
(D:\MikTex\tex/latex/bookmark\bookmark.sty
Package: bookmark 2020-11-06 v1.29 PDF bookmarks (HO)

(D:\MikTex\tex/latex/bookmark\bkm-pdftex.def
File: bkm-pdftex.def 2020-11-06 v1.29 bookmark driver for pdfTeX (HO)
\BKM@id=\count277
))
(D:\MikTex\tex/latex/base\makeidx.sty
Package: makeidx 2021/10/04 v1.0m Standard LaTeX package
) (D:\MikTex\tex/latex/amsmath\amsmath.sty
Package: amsmath 2022/04/08 v2.17n AMS math features
\@mathmargin=\skip83
For additional information on amsmath, use the `?' option.
(D:\MikTex\tex/latex/amsmath\amstext.sty
Package: amstext 2021/08/26 v2.01 AMS text

(D:\MikTex\tex/latex/amsmath\amsgen.sty
File: amsgen.sty 1999/11/30 v2.0 generic functions
\@emptytoks=\toks19
\ex@=\dimen156
))
(D:\MikTex\tex/latex/amsmath\amsbsy.sty
Package: amsbsy 1999/11/29 v1.2d Bold Symbols
\pmbraise@=\dimen157
)
(D:\MikTex\tex/latex/amsmath\amsopn.sty
Package: amsopn 2022/04/08 v2.04 operator names
)
\inf@bad=\count278
LaTeX Info: Redefining \frac on input line 234.
\uproot@=\count279
\leftroot@=\count280
LaTeX Info: Redefining \overline on input line 399.
LaTeX Info: Redefining \colon on input line 410.
\classnum@=\count281
\DOTSCASE@=\count282
LaTeX Info: Redefining \ldots on input line 496.
LaTeX Info: Redefining \dots on input line 499.
LaTeX Info: Redefining \cdots on input line 620.
\Mathstrutbox@=\box53
\strutbox@=\box54
LaTeX Info: Redefining \big on input line 722.
LaTeX Info: Redefining \Big on input line 723.
LaTeX Info: Redefining \bigg on input line 724.
LaTeX Info: Redefining \Bigg on input line 725.
\big@size=\dimen158
LaTeX Font Info:    Redeclaring font encoding OML on input line 743.
LaTeX Font Info:    Redeclaring font encoding OMS on input line 744.
\macc@depth=\count283
LaTeX Info: Redefining \bmod on input line 905.
LaTeX Info: Redefining \pmod on input line 910.
LaTeX Info: Redefining \smash on input line 940.
LaTeX Info: Redefining \relbar on input line 970.
LaTeX Info: Redefining \Relbar on input line 971.
\c@MaxMatrixCols=\count284
\dotsspace@=\muskip17
\c@parentequation=\count285
\dspbrk@lvl=\count286
\tag@help=\toks20
\row@=\count287
\column@=\count288
\maxfields@=\count289
\andhelp@=\toks21
\eqnshift@=\dimen159
\alignsep@=\dimen160
\tagshift@=\dimen161
\tagwidth@=\dimen162
\totwidth@=\dimen163
\lineht@=\dimen164
\@envbody=\toks22
\multlinegap=\skip84
\multlinetaggap=\skip85
\mathdisplay@stack=\toks23
LaTeX Info: Redefining \[ on input line 2953.
LaTeX Info: Redefining \] on input line 2954.
)
(D:\MikTex\tex/latex/graphics\graphicx.sty
Package: graphicx 2021/09/16 v1.2d Enhanced LaTeX Graphics (DPC,SPQR)

(D:\MikTex\tex/latex/graphics\graphics.sty
Package: graphics 2022/03/10 v1.4e Standard LaTeX Graphics (DPC,SPQR)

(D:\MikTex\tex/latex/graphics\trig.sty
Package: trig 2021/08/11 v1.11 sin cos tan (DPC)
)
(D:\MikTex\tex/latex/graphics-cfg\graphics.cfg
File: graphics.cfg 2016/06/04 v1.11 sample graphics configuration
)
Package graphics Info: Driver file: pdftex.def on input line 107.

(D:\MikTex\tex/latex/graphics-def\pdftex.def
File: pdftex.def 2022/09/22 v1.2b Graphics/color driver for pdftex
))
\Gin@req@height=\dimen165
\Gin@req@width=\dimen166
)
(D:\MikTex\tex/latex/listings\listings.sty
\lst@mode=\count290
\lst@gtempboxa=\box55
\lst@token=\toks24
\lst@length=\count291
\lst@currlwidth=\dimen167
\lst@column=\count292
\lst@pos=\count293
\lst@lostspace=\dimen168
\lst@width=\dimen169
\lst@newlines=\count294
\lst@lineno=\count295
\lst@maxwidth=\dimen170

(D:\MikTex\tex/latex/listings\lstmisc.sty
File: lstmisc.sty 2020/03/24 1.8d (Carsten Heinz)
\c@lstnumber=\count296
\lst@skipnumbers=\count297
\lst@framebox=\box56
)
(D:\MikTex\tex/latex/listings\listings.cfg
File: listings.cfg 2020/03/24 1.8d listings configuration
))
Package: listings 2020/03/24 1.8d (Carsten Heinz)

(D:\MikTex\tex/latex/xcolor\xcolor.sty
Package: xcolor 2022/06/12 v2.14 LaTeX color extensions (UK)

(D:\MikTex\tex/latex/graphics-cfg\color.cfg
File: color.cfg 2016/01/02 v1.6 sample color configuration
)
Package xcolor Info: Driver file: pdftex.def on input line 227.

(D:\MikTex\tex/latex/graphics\mathcolor.ltx)
Package xcolor Info: Model `cmy' substituted by `cmy0' on input line 1353.
Package xcolor Info: Model `hsb' substituted by `rgb' on input line 1357.
Package xcolor Info: Model `RGB' extended on input line 1369.
Package xcolor Info: Model `HTML' substituted by `rgb' on input line 1371.
Package xcolor Info: Model `Hsb' substituted by `hsb' on input line 1372.
Package xcolor Info: Model `tHsb' substituted by `hsb' on input line 1373.
Package xcolor Info: Model `HSB' substituted by `hsb' on input line 1374.
Package xcolor Info: Model `Gray' substituted by `gray' on input line 1375.
Package xcolor Info: Model `wave' substituted by `hsb' on input line 1376.
)
(D:\MikTex\tex/latex/float\float.sty
Package: float 2001/11/08 v1.3d Float enhancements (AL)
\c@float@type=\count298
\float@exts=\toks25
\float@box=\box57
\@float@everytoks=\toks26
\@floatcapt=\box58
)
(D:\MikTex\tex/latex/l3backend\l3backend-pdftex.def
File: l3backend-pdftex.def 2022-09-28 L3 backend support: PDF output (pdfTeX)
\l__color_backend_stack_int=\count299
\l__pdf_internal_box=\box59
) (main.aux

LaTeX Warning: Label `fig:left' multiply defined.


LaTeX Warning: Label `fig:right' multiply defined.


LaTeX Warning: Label `tab:vivado-unoptimized-solution-dynamic-power-reproot' mu
ltiply defined.


LaTeX Warning: Label `tab:hls-unoptimized-solution-latency-summary' multiply de
fined.


LaTeX Warning: Label `fig:left' multiply defined.


LaTeX Warning: Label `fig:left' multiply defined.


LaTeX Warning: Label `fig:right' multiply defined.


LaTeX Warning: Label `tab:vivado-operation-chaining-solution-dynamic-power-repr
oot' multiply defined.


LaTeX Warning: Label `tab:vivado-code-hoisting-solution-dynamic-power-reproot' 
multiply defined.


LaTeX Warning: Label `tab:vivado-loop-fission-solution-dynamic-power-reproot' m
ultiply defined.


LaTeX Warning: Label `tab:vivado-loop-unrolling-factor2-solution-dynamic-power-
reproot' multiply defined.


LaTeX Warning: Label `tab:vivado-loop-unrolling-factor4-solution-dynamic-power-
reproot' multiply defined.


LaTeX Warning: Label `tab:vivado-loop-pipelining-solution-dynamic-power-reproot
' multiply defined.

)
\openout1 = `main.aux'.

LaTeX Font Info:    Checking defaults for OML/cmm/m/it on input line 46.
LaTeX Font Info:    ... okay on input line 46.
LaTeX Font Info:    Checking defaults for OMS/cmsy/m/n on input line 46.
LaTeX Font Info:    ... okay on input line 46.
LaTeX Font Info:    Checking defaults for OT1/cmr/m/n on input line 46.
LaTeX Font Info:    ... okay on input line 46.
LaTeX Font Info:    Checking defaults for T1/cmr/m/n on input line 46.
LaTeX Font Info:    ... okay on input line 46.
LaTeX Font Info:    Checking defaults for TS1/cmr/m/n on input line 46.
LaTeX Font Info:    ... okay on input line 46.
LaTeX Font Info:    Checking defaults for OMX/cmex/m/n on input line 46.
LaTeX Font Info:    ... okay on input line 46.
LaTeX Font Info:    Checking defaults for U/cmr/m/n on input line 46.
LaTeX Font Info:    ... okay on input line 46.
LaTeX Font Info:    Checking defaults for PD1/pdf/m/n on input line 46.
LaTeX Font Info:    ... okay on input line 46.
LaTeX Font Info:    Checking defaults for PU/pdf/m/n on input line 46.
LaTeX Font Info:    ... okay on input line 46.

*geometry* driver: auto-detecting
*geometry* detected driver: pdftex
*geometry* verbose mode - [ preamble ] result:
* driver: pdftex
* paper: <default>
* layout: <same size as paper>
* layoutoffset:(h,v)=(0.0pt,0.0pt)
* modes: 
* h-part:(L,W,R)=(72.26999pt, 469.75502pt, 72.26999pt)
* v-part:(T,H,B)=(72.26999pt, 650.43001pt, 72.26999pt)
* \paperwidth=614.295pt
* \paperheight=794.96999pt
* \textwidth=469.75502pt
* \textheight=650.43001pt
* \oddsidemargin=0.0pt
* \evensidemargin=0.0pt
* \topmargin=-37.0pt
* \headheight=12.0pt
* \headsep=25.0pt
* \topskip=10.0pt
* \footskip=30.0pt
* \marginparwidth=65.0pt
* \marginparsep=11.0pt
* \columnsep=10.0pt
* \skip\footins=9.0pt plus 4.0pt minus 2.0pt
* \hoffset=0.0pt
* \voffset=0.0pt
* \mag=1000
* \@twocolumnfalse
* \@twosidefalse
* \@mparswitchfalse
* \@reversemarginfalse
* (1in=72.27pt=25.4mm, 1cm=28.453pt)

Package hyperref Info: Link coloring OFF on input line 46.
(D:\MikTex\tex/context/base/mkii\supp-pdf.mkii
[Loading MPS to PDF converter (version 2006.09.02).]
\scratchcounter=\count300
\scratchdimen=\dimen171
\scratchbox=\box60
\nofMPsegments=\count301
\nofMParguments=\count302
\everyMPshowfont=\toks27
\MPscratchCnt=\count303
\MPscratchDim=\dimen172
\MPnumerator=\count304
\makeMPintoPDFobject=\count305
\everyMPtoPDFconversion=\toks28
) (D:\MikTex\tex/latex/epstopdf-pkg\epstopdf-base.sty
Package: epstopdf-base 2020-01-24 v2.11 Base part for package epstopdf
Package epstopdf-base Info: Redefining graphics rule for `.eps' on input line 4
85.

(D:\MikTex\tex/latex/00miktex\epstopdf-sys.cfg
File: epstopdf-sys.cfg 2021/03/18 v2.0 Configuration of epstopdf for MiKTeX
))
\c@lstlisting=\count306
 (main.toc)
\tf@toc=\write3
\openout3 = `main.toc'.

 [1

{C:/Users/giorg/AppData/Local/MiKTeX/fonts/map/pdftex/pdftex.map}] (main.lol)
\tf@lol=\write4
\openout4 = `main.lol'.

 (main.lof [2])
\tf@lof=\write5
\openout5 = `main.lof'.


(main.lot [3])
\tf@lot=\write6
\openout6 = `main.lot'.

 [4] (introduction/Introduction.tex (introduction/LTISystems.tex
<introduction/rispostaimpulsiva.png, id=357, 374.14781pt x 119.69719pt>
File: introduction/rispostaimpulsiva.png Graphic file (type png)
<use introduction/rispostaimpulsiva.png>
Package pdftex.def Info: introduction/rispostaimpulsiva.png  used on input line
 11.
(pdftex.def)             Requested size: 234.8775pt x 75.14296pt.
) (introduction/CausalSystems.tex) (introduction/FIRFilter.tex)
(introduction/HLS.tex [5 <./introduction/rispostaimpulsiva.png>]
<introduction/designflow.png, id=377, 453.94594pt x 152.82094pt>
File: introduction/designflow.png Graphic file (type png)
<use introduction/designflow.png>
Package pdftex.def Info: introduction/designflow.png  used on input line 31.
(pdftex.def)             Requested size: 281.85587pt x 94.8879pt.
)) [6
pdfTeX warning (ext4): destination with the same identifier (name{figure.1}) ha
s been already used, duplicate ignored
<argument> ...shipout:D \box_use:N \l_shipout_box 
                                                  \__shipout_drop_firstpage_...
l.59     \newpage
                  <./introduction/designflow.png>]
(tasks/TasksToBePerformed.tex) [7] (definitions/Definitions.tex
(D:\MikTex\tex/latex/listings\lstlang1.sty
File: lstlang1.sty 2020/03/24 1.8d listings language file
)
(D:\MikTex\tex/latex/listings\lstmisc.sty
File: lstmisc.sty 2020/03/24 1.8d (Carsten Heinz)
)
Package hyperref Info: bookmark level for unknown lstlisting defaults to 0 on i
nput line 2.
 (definitions/definitions.h [8]
[9])) [10] (c_simulations/CSimulations.tex
(D:\MikTex\tex/latex/listings\lstlang1.sty
File: lstlang1.sty 2020/03/24 1.8d listings language file
) (c_simulations/fir_tb.cpp [11])
[12] (c_simulations/fir_tb_output.txt [13] [14])) [15] (solutions/Solutions.tex
(solutions/unoptimized/Unoptimized.tex
(solutions/unoptimized/fir_unoptimized.cpp)
Underfull \hbox (badness 10000) in paragraph at lines 5--9

 []


Overfull \hbox (11.02881pt too wide) in paragraph at lines 14--21
 [][] 
 []

<solutions/unoptimized/clockperiod.png, id=878, 411.78844pt x 143.78719pt>
File: solutions/unoptimized/clockperiod.png Graphic file (type png)
<use solutions/unoptimized/clockperiod.png>
Package pdftex.def Info: solutions/unoptimized/clockperiod.png  used on input l
ine 43.
(pdftex.def)             Requested size: 234.8775pt x 82.01439pt.
[16
pdfTeX warning (ext4): destination with the same identifier (name{table.1}) has
 been already used, duplicate ignored
<argument> ...shipout:D \box_use:N \l_shipout_box 
                                                  \__shipout_drop_firstpage_...
l.46 
     
pdfTeX warning (ext4): destination with the same identifier (name{table.2}) has
 been already used, duplicate ignored
<argument> ...shipout:D \box_use:N \l_shipout_box 
                                                  \__shipout_drop_firstpage_...
l.46 
     ]
<solutions/unoptimized/cyclesunoptimized.png, id=902, 1081.79156pt x 725.71124p
t>
File: solutions/unoptimized/cyclesunoptimized.png Graphic file (type png)
<use solutions/unoptimized/cyclesunoptimized.png>
Package pdftex.def Info: solutions/unoptimized/cyclesunoptimized.png  used on i
nput line 66.
(pdftex.def)             Requested size: 328.82707pt x 220.58307pt.
<solutions/unoptimized/cyclesunoptimized2.png, id=903, 1084.05pt x 725.71124pt>

File: solutions/unoptimized/cyclesunoptimized2.png Graphic file (type png)
<use solutions/unoptimized/cyclesunoptimized2.png>
Package pdftex.def Info: solutions/unoptimized/cyclesunoptimized2.png  used on 
input line 75.
(pdftex.def)             Requested size: 328.82707pt x 220.12906pt.
 [17
pdfTeX warning (ext4): destination with the same identifier (name{figure.2}) ha
s been already used, duplicate ignored
<argument> ...shipout:D \box_use:N \l_shipout_box 
                                                  \__shipout_drop_firstpage_...
l.77 \end{figure}
                 
pdfTeX warning (ext4): destination with the same identifier (name{table.3}) has
 been already used, duplicate ignored
<argument> ...shipout:D \box_use:N \l_shipout_box 
                                                  \__shipout_drop_firstpage_...
l.77 \end{figure}
                 
pdfTeX warning (ext4): destination with the same identifier (name{figure.3}) ha
s been already used, duplicate ignored
<argument> ...shipout:D \box_use:N \l_shipout_box 
                                                  \__shipout_drop_firstpage_...
l.77 \end{figure}
                  <./solutions/unoptimized/clockperiod.png> <./solutions/unopti
mized/cyclesunoptimized.png>]
<solutions/unoptimized/cyclesunoptimized3.png, id=910, 1081.79156pt x 478.78876
pt>
File: solutions/unoptimized/cyclesunoptimized3.png Graphic file (type png)
<use solutions/unoptimized/cyclesunoptimized3.png>
Package pdftex.def Info: solutions/unoptimized/cyclesunoptimized3.png  used on 
input line 84.
(pdftex.def)             Requested size: 211.38832pt x 93.55702pt.
<solutions/unoptimized/cyclesunoptimized4.png, id=911, 1082.54437pt x 480.29437
pt>
File: solutions/unoptimized/cyclesunoptimized4.png Graphic file (type png)
<use solutions/unoptimized/cyclesunoptimized4.png>
Package pdftex.def Info: solutions/unoptimized/cyclesunoptimized4.png  used on 
input line 91.
(pdftex.def)             Requested size: 211.38832pt x 93.78526pt.
<solutions/unoptimized/cyclesunoptimized5.png, id=912, 1082.54437pt x 477.28313
pt>
File: solutions/unoptimized/cyclesunoptimized5.png Graphic file (type png)
<use solutions/unoptimized/cyclesunoptimized5.png>
Package pdftex.def Info: solutions/unoptimized/cyclesunoptimized5.png  used on 
input line 100.
(pdftex.def)             Requested size: 211.38832pt x 93.19728pt.
<solutions/unoptimized/cyclesunoptimized6.png, id=913, 1081.79156pt x 482.55281
pt>
File: solutions/unoptimized/cyclesunoptimized6.png Graphic file (type png)
<use solutions/unoptimized/cyclesunoptimized6.png>
Package pdftex.def Info: solutions/unoptimized/cyclesunoptimized6.png  used on 
input line 107.
(pdftex.def)             Requested size: 211.38832pt x 94.29254pt.


LaTeX Warning: `h' float specifier changed to `ht'.

[18
pdfTeX warning (ext4): destination with the same identifier (name{figure.4}) ha
s been already used, duplicate ignored
<argument> ...shipout:D \box_use:N \l_shipout_box 
                                                  \__shipout_drop_firstpage_...
l.147 \end{table}
                 
pdfTeX warning (ext4): destination with the same identifier (name{figure.5}) ha
s been already used, duplicate ignored
<argument> ...shipout:D \box_use:N \l_shipout_box 
                                                  \__shipout_drop_firstpage_...
l.147 \end{table}
                 
pdfTeX warning (ext4): destination with the same identifier (name{figure.6}) ha
s been already used, duplicate ignored
<argument> ...shipout:D \box_use:N \l_shipout_box 
                                                  \__shipout_drop_firstpage_...
l.147 \end{table}
                 
pdfTeX warning (ext4): destination with the same identifier (name{figure.7}) ha
s been already used, duplicate ignored
<argument> ...shipout:D \box_use:N \l_shipout_box 
                                                  \__shipout_drop_firstpage_...
l.147 \end{table}
                 
pdfTeX warning (ext4): destination with the same identifier (name{figure.8}) ha
s been already used, duplicate ignored
<argument> ...shipout:D \box_use:N \l_shipout_box 
                                                  \__shipout_drop_firstpage_...
l.147 \end{table}
                  <./solutions/unoptimized/cyclesunoptimized2.png> <./solutions
/unoptimized/cyclesunoptimized3.png> <./solutions/unoptimized/cyclesunoptimized
4.png> <./solutions/unoptimized/cyclesunoptimized5.png> <./solutions/unoptimize
d/cyclesunoptimized6.png>]
Underfull \hbox (badness 10000) in paragraph at lines 148--150

 []

(D:\MikTex\tex/latex/listings\lstlang1.sty
File: lstlang1.sty 2020/03/24 1.8d listings language file
)
(solutions/unoptimized/firConvolutionUnoptimized_top.vhd [19
pdfTeX warning (ext4): destination with the same identifier (name{table.4}) has
 been already used, duplicate ignored
<argument> ...shipout:D \box_use:N \l_shipout_box 
                                                  \__shipout_drop_firstpage_...
l.16 end 
         firConvolutionUnoptimized_top;
pdfTeX warning (ext4): destination with the same identifier (name{table.5}) has
 been already used, duplicate ignored
<argument> ...shipout:D \box_use:N \l_shipout_box 
                                                  \__shipout_drop_firstpage_...
l.16 end 
         firConvolutionUnoptimized_top;
pdfTeX warning (ext4): destination with the same identifier (name{table.6}) has
 been already used, duplicate ignored
<argument> ...shipout:D \box_use:N \l_shipout_box 
                                                  \__shipout_drop_firstpage_...
l.16 end 
         firConvolutionUnoptimized_top;
pdfTeX warning (ext4): destination with the same identifier (name{table.7}) has
 been already used, duplicate ignored
<argument> ...shipout:D \box_use:N \l_shipout_box 
                                                  \__shipout_drop_firstpage_...
l.16 end 
         firConvolutionUnoptimized_top;])
(solutions/unoptimized/firConvolutionUnoptimized_tb.vhd [20])
(solutions/unoptimized/clk_constraint.xdc)
Underfull \hbox (badness 10000) in paragraph at lines 200--213

 []

[21
pdfTeX warning (ext4): destination with the same identifier (name{table.8}) has
 been already used, duplicate ignored
<argument> ...shipout:D \box_use:N \l_shipout_box 
                                                  \__shipout_drop_firstpage_...
l.227 
      ]
Overfull \hbox (9.18242pt too wide) in paragraph at lines 232--239
 [][] 
 []

) [22
pdfTeX warning (ext4): destination with the same identifier (name{table.9}) has
 been already used, duplicate ignored
<argument> ...shipout:D \box_use:N \l_shipout_box 
                                                  \__shipout_drop_firstpage_...
l.5 \newpage
            
pdfTeX warning (ext4): destination with the same identifier (name{table.10}) ha
s been already used, duplicate ignored
<argument> ...shipout:D \box_use:N \l_shipout_box 
                                                  \__shipout_drop_firstpage_...
l.5 \newpage
            
pdfTeX warning (ext4): destination with the same identifier (name{table.11}) ha
s been already used, duplicate ignored
<argument> ...shipout:D \box_use:N \l_shipout_box 
                                                  \__shipout_drop_firstpage_...
l.5 \newpage
            
pdfTeX warning (ext4): destination with the same identifier (name{table.12}) ha
s been already used, duplicate ignored
<argument> ...shipout:D \box_use:N \l_shipout_box 
                                                  \__shipout_drop_firstpage_...
l.5 \newpage
            ] (solutions/operation_chaining/OperationChaining.tex
Overfull \hbox (97.8355pt too wide) in paragraph at lines 8--29
 [][] 
 []

[23
pdfTeX warning (ext4): destination with the same identifier (name{table.13}) ha
s been already used, duplicate ignored
<argument> ...shipout:D \box_use:N \l_shipout_box 
                                                  \__shipout_drop_firstpage_...
l.115 \end{table}
                 
pdfTeX warning (ext4): destination with the same identifier (name{table.14}) ha
s been already used, duplicate ignored
<argument> ...shipout:D \box_use:N \l_shipout_box 
                                                  \__shipout_drop_firstpage_...
l.115 \end{table}
                 
pdfTeX warning (ext4): destination with the same identifier (name{table.15}) ha
s been already used, duplicate ignored
<argument> ...shipout:D \box_use:N \l_shipout_box 
                                                  \__shipout_drop_firstpage_...
l.115 \end{table}
                 ] [24
pdfTeX warning (ext4): destination with the same identifier (name{table.16}) ha
s been already used, duplicate ignored
<argument> ...shipout:D \box_use:N \l_shipout_box 
                                                  \__shipout_drop_firstpage_...
l.177 
      
pdfTeX warning (ext4): destination with the same identifier (name{table.17}) ha
s been already used, duplicate ignored
<argument> ...shipout:D \box_use:N \l_shipout_box 
                                                  \__shipout_drop_firstpage_...
l.177 
      ] (solutions/operation_chaining/10ns/clk_constraint.xdc)
(solutions/operation_chaining/9ns/clk_constraint.xdc)
(solutions/operation_chaining/8ns/clk_constraint.xdc)
(solutions/operation_chaining/7ns/clk_constraint.xdc)
(solutions/operation_chaining/6ns/clk_constraint.xdc)
(solutions/operation_chaining/5ns/clk_constraint.xdc)
(solutions/operation_chaining/4ns/clk_constraint.xdc)
(solutions/operation_chaining/3ns/clk_constraint.xdc)
<solutions/operation_chaining/3ns/timingrequirement.png, id=1079, 594.72188pt x
 15.05624pt>
File: solutions/operation_chaining/3ns/timingrequirement.png Graphic file (type
 png)
<use solutions/operation_chaining/3ns/timingrequirement.png>
Package pdftex.def Info: solutions/operation_chaining/3ns/timingrequirement.png
  used on input line 195.
(pdftex.def)             Requested size: 469.75502pt x 11.89246pt.
<solutions/operation_chaining/3ns/critical.png, id=1080, 406.51875pt x 283.8103
2pt>
File: solutions/operation_chaining/3ns/critical.png Graphic file (type png)
<use solutions/operation_chaining/3ns/critical.png>
Package pdftex.def Info: solutions/operation_chaining/3ns/critical.png  used on
 input line 202.
(pdftex.def)             Requested size: 211.38832pt x 147.57788pt.
<solutions/operation_chaining/3ns/wns.png, id=1081, 213.79875pt x 123.46124pt>
File: solutions/operation_chaining/3ns/wns.png Graphic file (type png)
<use solutions/operation_chaining/3ns/wns.png>
Package pdftex.def Info: solutions/operation_chaining/3ns/wns.png  used on inpu
t line 209.
(pdftex.def)             Requested size: 211.38832pt x 122.06874pt.
 [25
pdfTeX warning (ext4): destination with the same identifier (name{table.18}) ha
s been already used, duplicate ignored
<argument> ...shipout:D \box_use:N \l_shipout_box 
                                                  \__shipout_drop_firstpage_...
l.214 
       <./solutions/operation_chaining/3ns/timingrequirement.png>]
<solutions/operation_chaining/operationchainingutilization.png, id=1096, 727.51
8pt x 317.55pt>
File: solutions/operation_chaining/operationchainingutilization.png Graphic fil
e (type png)
<use solutions/operation_chaining/operationchainingutilization.png>
Package pdftex.def Info: solutions/operation_chaining/operationchainingutilizat
ion.png  used on input line 244.
(pdftex.def)             Requested size: 469.75502pt x 205.04349pt.

Overfull \hbox (0.61841pt too wide) in paragraph at lines 251--270
 [][] 
 []

[26
pdfTeX warning (ext4): destination with the same identifier (name{figure.9}) ha
s been already used, duplicate ignored
<argument> ...shipout:D \box_use:N \l_shipout_box 
                                                  \__shipout_drop_firstpage_...
l.273 
      
pdfTeX warning (ext4): destination with the same identifier (name{figure.10}) h
as been already used, duplicate ignored
<argument> ...shipout:D \box_use:N \l_shipout_box 
                                                  \__shipout_drop_firstpage_...
l.273 
      
pdfTeX warning (ext4): destination with the same identifier (name{table.19}) ha
s been already used, duplicate ignored
<argument> ...shipout:D \box_use:N \l_shipout_box 
                                                  \__shipout_drop_firstpage_...
l.273 
      
pdfTeX warning (ext4): destination with the same identifier (name{figure.11}) h
as been already used, duplicate ignored
<argument> ...shipout:D \box_use:N \l_shipout_box 
                                                  \__shipout_drop_firstpage_...
l.273 
       <./solutions/operation_chaining/3ns/critical.png> <./solutions/operation
_chaining/3ns/wns.png> <./solutions/operation_chaining/operationchainingutiliza
tion.png>]
<solutions/operation_chaining/operationchainingtiming.png, id=1104, 720.729pt x
 632.691pt>
File: solutions/operation_chaining/operationchainingtiming.png Graphic file (ty
pe png)
<use solutions/operation_chaining/operationchainingtiming.png>
Package pdftex.def Info: solutions/operation_chaining/operationchainingtiming.p
ng  used on input line 276.
(pdftex.def)             Requested size: 469.75502pt x 412.3738pt.
 [27
pdfTeX warning (ext4): destination with the same identifier (name{table.20}) ha
s been already used, duplicate ignored
<argument> ...shipout:D \box_use:N \l_shipout_box 
                                                  \__shipout_drop_firstpage_...
l.282 
      
pdfTeX warning (ext4): destination with the same identifier (name{figure.12}) h
as been already used, duplicate ignored
<argument> ...shipout:D \box_use:N \l_shipout_box 
                                                  \__shipout_drop_firstpage_...
l.282 
       <./solutions/operation_chaining/operationchainingtiming.png>]
<solutions/operation_chaining/operationchainingpower.png, id=1110, 782.487pt x 
632.91pt>
File: solutions/operation_chaining/operationchainingpower.png Graphic file (typ
e png)
<use solutions/operation_chaining/operationchainingpower.png>
Package pdftex.def Info: solutions/operation_chaining/operationchainingpower.pn
g  used on input line 364.
(pdftex.def)             Requested size: 469.75502pt x 379.9614pt.
 [28
pdfTeX warning (ext4): destination with the same identifier (name{table.21}) ha
s been already used, duplicate ignored
<argument> ...shipout:D \box_use:N \l_shipout_box 
                                                  \__shipout_drop_firstpage_...
l.368 
      
pdfTeX warning (ext4): destination with the same identifier (name{table.22}) ha
s been already used, duplicate ignored
<argument> ...shipout:D \box_use:N \l_shipout_box 
                                                  \__shipout_drop_firstpage_...
l.368 
      
pdfTeX warning (ext4): destination with the same identifier (name{table.23}) ha
s been already used, duplicate ignored
<argument> ...shipout:D \box_use:N \l_shipout_box 
                                                  \__shipout_drop_firstpage_...
l.368 
      ]) [29
pdfTeX warning (ext4): destination with the same identifier (name{figure.13}) h
as been already used, duplicate ignored
<argument> ...shipout:D \box_use:N \l_shipout_box 
                                                  \__shipout_drop_firstpage_...
l.9 \newpage
             <./solutions/operation_chaining/operationchainingpower.png>]
(solutions/code_hoisting/CodeHoisting.tex
(solutions/code_hoisting/fir_code_hoisting.cpp)
Overfull \hbox (11.02881pt too wide) in paragraph at lines 14--21
 [][] 
 []

<solutions/code_hoisting/codehoistinganalysis.png, id=1120, 1082.54437pt x 727.
96968pt>
File: solutions/code_hoisting/codehoistinganalysis.png Graphic file (type png)
<use solutions/code_hoisting/codehoistinganalysis.png>
Package pdftex.def Info: solutions/code_hoisting/codehoistinganalysis.png  used
 on input line 58.
(pdftex.def)             Requested size: 469.75502pt x 315.8867pt.
[30
pdfTeX warning (ext4): destination with the same identifier (name{table.24}) ha
s been already used, duplicate ignored
<argument> ...shipout:D \box_use:N \l_shipout_box 
                                                  \__shipout_drop_firstpage_...
l.61 
     
pdfTeX warning (ext4): destination with the same identifier (name{table.25}) ha
s been already used, duplicate ignored
<argument> ...shipout:D \box_use:N \l_shipout_box 
                                                  \__shipout_drop_firstpage_...
l.61 
     
pdfTeX warning (ext4): destination with the same identifier (name{table.26}) ha
s been already used, duplicate ignored
<argument> ...shipout:D \box_use:N \l_shipout_box 
                                                  \__shipout_drop_firstpage_...
l.61 
     ] [31
pdfTeX warning (ext4): destination with the same identifier (name{figure.14}) h
as been already used, duplicate ignored
<argument> ...shipout:D \box_use:N \l_shipout_box 
                                                  \__shipout_drop_firstpage_...
l.85 
     
pdfTeX warning (ext4): destination with the same identifier (name{table.27}) ha
s been already used, duplicate ignored
<argument> ...shipout:D \box_use:N \l_shipout_box 
                                                  \__shipout_drop_firstpage_...
l.85 
      <./solutions/code_hoisting/codehoistinganalysis.png>]
(solutions/code_hoisting/clk_constraint.xdc)
Overfull \hbox (4.1824pt too wide) in paragraph at lines 179--186
 [][] 
 []

[32
pdfTeX warning (ext4): destination with the same identifier (name{table.28}) ha
s been already used, duplicate ignored
<argument> ...shipout:D \box_use:N \l_shipout_box 
                                                  \__shipout_drop_firstpage_...
l.219 
      
pdfTeX warning (ext4): destination with the same identifier (name{table.29}) ha
s been already used, duplicate ignored
<argument> ...shipout:D \box_use:N \l_shipout_box 
                                                  \__shipout_drop_firstpage_...
l.219 
      
pdfTeX warning (ext4): destination with the same identifier (name{table.30}) ha
s been already used, duplicate ignored
<argument> ...shipout:D \box_use:N \l_shipout_box 
                                                  \__shipout_drop_firstpage_...
l.219 
      
pdfTeX warning (ext4): destination with the same identifier (name{table.31}) ha
s been already used, duplicate ignored
<argument> ...shipout:D \box_use:N \l_shipout_box 
                                                  \__shipout_drop_firstpage_...
l.219 
      
pdfTeX warning (ext4): destination with the same identifier (name{table.32}) ha
s been already used, duplicate ignored
<argument> ...shipout:D \box_use:N \l_shipout_box 
                                                  \__shipout_drop_firstpage_...
l.219 
      
pdfTeX warning (ext4): destination with the same identifier (name{table.33}) ha
s been already used, duplicate ignored
<argument> ...shipout:D \box_use:N \l_shipout_box 
                                                  \__shipout_drop_firstpage_...
l.219 
      ]) [33
pdfTeX warning (ext4): destination with the same identifier (name{table.34}) ha
s been already used, duplicate ignored
<argument> ...shipout:D \box_use:N \l_shipout_box 
                                                  \__shipout_drop_firstpage_...
l.13 \newpage
             
pdfTeX warning (ext4): destination with the same identifier (name{table.35}) ha
s been already used, duplicate ignored
<argument> ...shipout:D \box_use:N \l_shipout_box 
                                                  \__shipout_drop_firstpage_...
l.13 \newpage
             ] (solutions/loop_fission/LoopFission.tex
(solutions/loop_fission/fir_loop_fission.cpp)
Overfull \hbox (11.02881pt too wide) in paragraph at lines 10--17
 [][] 
 []

<solutions/loop_fission/loopfissionanalysis.png, id=1156, 1082.54437pt x 730.22
812pt>
File: solutions/loop_fission/loopfissionanalysis.png Graphic file (type png)
<use solutions/loop_fission/loopfissionanalysis.png>
Package pdftex.def Info: solutions/loop_fission/loopfissionanalysis.png  used o
n input line 55.
(pdftex.def)             Requested size: 469.75502pt x 316.8667pt.
[34
pdfTeX warning (ext4): destination with the same identifier (name{table.36}) ha
s been already used, duplicate ignored
<argument> ...shipout:D \box_use:N \l_shipout_box 
                                                  \__shipout_drop_firstpage_...
l.58 
     
pdfTeX warning (ext4): destination with the same identifier (name{table.37}) ha
s been already used, duplicate ignored
<argument> ...shipout:D \box_use:N \l_shipout_box 
                                                  \__shipout_drop_firstpage_...
l.58 
     
pdfTeX warning (ext4): destination with the same identifier (name{table.38}) ha
s been already used, duplicate ignored
<argument> ...shipout:D \box_use:N \l_shipout_box 
                                                  \__shipout_drop_firstpage_...
l.58 
     ] [35
pdfTeX warning (ext4): destination with the same identifier (name{figure.15}) h
as been already used, duplicate ignored
<argument> ...shipout:D \box_use:N \l_shipout_box 
                                                  \__shipout_drop_firstpage_...
l.94 
     
pdfTeX warning (ext4): destination with the same identifier (name{table.39}) ha
s been already used, duplicate ignored
<argument> ...shipout:D \box_use:N \l_shipout_box 
                                                  \__shipout_drop_firstpage_...
l.94 
      <./solutions/loop_fission/loopfissionanalysis.png>]
(solutions/loop_fission/clk_constraint.xdc)
Overfull \hbox (9.18242pt too wide) in paragraph at lines 173--180
 [][] 
 []

) [36
pdfTeX warning (ext4): destination with the same identifier (name{table.40}) ha
s been already used, duplicate ignored
<argument> ...shipout:D \box_use:N \l_shipout_box 
                                                  \__shipout_drop_firstpage_...
l.17 \newpage
             
pdfTeX warning (ext4): destination with the same identifier (name{table.41}) ha
s been already used, duplicate ignored
<argument> ...shipout:D \box_use:N \l_shipout_box 
                                                  \__shipout_drop_firstpage_...
l.17 \newpage
             
pdfTeX warning (ext4): destination with the same identifier (name{table.42}) ha
s been already used, duplicate ignored
<argument> ...shipout:D \box_use:N \l_shipout_box 
                                                  \__shipout_drop_firstpage_...
l.17 \newpage
             
pdfTeX warning (ext4): destination with the same identifier (name{table.43}) ha
s been already used, duplicate ignored
<argument> ...shipout:D \box_use:N \l_shipout_box 
                                                  \__shipout_drop_firstpage_...
l.17 \newpage
             
pdfTeX warning (ext4): destination with the same identifier (name{table.44}) ha
s been already used, duplicate ignored
<argument> ...shipout:D \box_use:N \l_shipout_box 
                                                  \__shipout_drop_firstpage_...
l.17 \newpage
             
pdfTeX warning (ext4): destination with the same identifier (name{table.45}) ha
s been already used, duplicate ignored
<argument> ...shipout:D \box_use:N \l_shipout_box 
                                                  \__shipout_drop_firstpage_...
l.17 \newpage
             
pdfTeX warning (ext4): destination with the same identifier (name{table.46}) ha
s been already used, duplicate ignored
<argument> ...shipout:D \box_use:N \l_shipout_box 
                                                  \__shipout_drop_firstpage_...
l.17 \newpage
             
pdfTeX warning (ext4): destination with the same identifier (name{table.47}) ha
s been already used, duplicate ignored
<argument> ...shipout:D \box_use:N \l_shipout_box 
                                                  \__shipout_drop_firstpage_...
l.17 \newpage
             ] [37] (solutions/loop_unrolling/LoopUnrolling.tex
<solutions/loop_unrolling/partitioning.png, id=1194, 769.37437pt x 330.48468pt>

File: solutions/loop_unrolling/partitioning.png Graphic file (type png)
<use solutions/loop_unrolling/partitioning.png>
Package pdftex.def Info: solutions/loop_unrolling/partitioning.png  used on inp
ut line 18.
(pdftex.def)             Requested size: 469.75502pt x 201.78699pt.
 [38
pdfTeX warning (ext4): destination with the same identifier (name{figure.16}) h
as been already used, duplicate ignored
<argument> ...shipout:D \box_use:N \l_shipout_box 
                                                  \__shipout_drop_firstpage_...
l.23 \begin{itemize}
                     <./solutions/loop_unrolling/partitioning.png>]
<solutions/loop_unrolling/unrolling.png, id=1200, 490.08093pt x 380.17032pt>
File: solutions/loop_unrolling/unrolling.png Graphic file (type png)
<use solutions/loop_unrolling/unrolling.png>
Package pdftex.def Info: solutions/loop_unrolling/unrolling.png  used on input 
line 34.
(pdftex.def)             Requested size: 469.75502pt x 364.41406pt.

(solutions/loop_unrolling/factor2/UnrollingFactor2.tex [39
pdfTeX warning (ext4): destination with the same identifier (name{figure.17}) h
as been already used, duplicate ignored
<argument> ...shipout:D \box_use:N \l_shipout_box 
                                                  \__shipout_drop_firstpage_...
l.1 ...tor2/fir_loop_unrolling_manual_factor2.cpp}
                                                   <./solutions/loop_unrolling/
unrolling.png>]
(solutions/loop_unrolling/factor2/fir_loop_unrolling_manual_factor2.cpp)
(solutions/loop_unrolling/factor2/fir_loop_unrolling_automatic_factor2.cpp)
(solutions/loop_unrolling/factor2/fir_loop_unrolling_automatic_partiotioning_fa
ctor2.cpp) [40]
Overfull \hbox (14.13878pt too wide) in paragraph at lines 46--61
 [][] 
 []

<solutions/loop_unrolling/factor2/loopunrollingmanual2.png, id=1270, 1082.54437
pt x 727.96968pt>
File: solutions/loop_unrolling/factor2/loopunrollingmanual2.png Graphic file (t
ype png)
<use solutions/loop_unrolling/factor2/loopunrollingmanual2.png>
Package pdftex.def Info: solutions/loop_unrolling/factor2/loopunrollingmanual2.
png  used on input line 69.
(pdftex.def)             Requested size: 422.77664pt x 284.2958pt.
[41
pdfTeX warning (ext4): destination with the same identifier (name{table.48}) ha
s been already used, duplicate ignored
<argument> ...shipout:D \box_use:N \l_shipout_box 
                                                  \__shipout_drop_firstpage_...
l.72 
     
pdfTeX warning (ext4): destination with the same identifier (name{table.49}) ha
s been already used, duplicate ignored
<argument> ...shipout:D \box_use:N \l_shipout_box 
                                                  \__shipout_drop_firstpage_...
l.72 
     
pdfTeX warning (ext4): destination with the same identifier (name{table.50}) ha
s been already used, duplicate ignored
<argument> ...shipout:D \box_use:N \l_shipout_box 
                                                  \__shipout_drop_firstpage_...
l.72 
     ]
<solutions/loop_unrolling/factor2/loopunrollingautomatic2.png, id=1275, 1082.54
437pt x 727.96968pt>
File: solutions/loop_unrolling/factor2/loopunrollingautomatic2.png Graphic file
 (type png)
<use solutions/loop_unrolling/factor2/loopunrollingautomatic2.png>
Package pdftex.def Info: solutions/loop_unrolling/factor2/loopunrollingautomati
c2.png  used on input line 75.
(pdftex.def)             Requested size: 422.77664pt x 284.2958pt.
 [42
pdfTeX warning (ext4): destination with the same identifier (name{figure.18}) h
as been already used, duplicate ignored
<argument> ...shipout:D \box_use:N \l_shipout_box 
                                                  \__shipout_drop_firstpage_...
l.80 
     
pdfTeX warning (ext4): destination with the same identifier (name{figure.19}) h
as been already used, duplicate ignored
<argument> ...shipout:D \box_use:N \l_shipout_box 
                                                  \__shipout_drop_firstpage_...
l.80 
      <./solutions/loop_unrolling/factor2/loopunrollingmanual2.png> <./solution
s/loop_unrolling/factor2/loopunrollingautomatic2.png>]
Overfull \hbox (10.5743pt too wide) in paragraph at lines 120--135
 [][] 
 []

(solutions/loop_unrolling/factor2/clk_constraint.xdc) [43
pdfTeX warning (ext4): destination with the same identifier (name{table.51}) ha
s been already used, duplicate ignored
<argument> ...shipout:D \box_use:N \l_shipout_box 
                                                  \__shipout_drop_firstpage_...
l.162 
      
pdfTeX warning (ext4): destination with the same identifier (name{table.52}) ha
s been already used, duplicate ignored
<argument> ...shipout:D \box_use:N \l_shipout_box 
                                                  \__shipout_drop_firstpage_...
l.162 
      
pdfTeX warning (ext4): destination with the same identifier (name{table.53}) ha
s been already used, duplicate ignored
<argument> ...shipout:D \box_use:N \l_shipout_box 
                                                  \__shipout_drop_firstpage_...
l.162 
      ]
<solutions/loop_unrolling/factor2/loopunrollingfactor2utilization.png, id=1288,
 731.46pt x 317.55pt>
File: solutions/loop_unrolling/factor2/loopunrollingfactor2utilization.png Grap
hic file (type png)
<use solutions/loop_unrolling/factor2/loopunrollingfactor2utilization.png>
Package pdftex.def Info: solutions/loop_unrolling/factor2/loopunrollingfactor2u
tilization.png  used on input line 167.
(pdftex.def)             Requested size: 422.77664pt x 183.54437pt.
 [44
pdfTeX warning (ext4): destination with the same identifier (name{table.54}) ha
s been already used, duplicate ignored
<argument> ...shipout:D \box_use:N \l_shipout_box 
                                                  \__shipout_drop_firstpage_...
l.194 
      
pdfTeX warning (ext4): destination with the same identifier (name{figure.20}) h
as been already used, duplicate ignored
<argument> ...shipout:D \box_use:N \l_shipout_box 
                                                  \__shipout_drop_firstpage_...
l.194 
      
pdfTeX warning (ext4): destination with the same identifier (name{table.55}) ha
s been already used, duplicate ignored
<argument> ...shipout:D \box_use:N \l_shipout_box 
                                                  \__shipout_drop_firstpage_...
l.194 
       <./solutions/loop_unrolling/factor2/loopunrollingfactor2utilization.png>
]
<solutions/loop_unrolling/factor2/loopunrollingfactor2timing.png, id=1294, 724.
89pt x 632.691pt>
File: solutions/loop_unrolling/factor2/loopunrollingfactor2timing.png Graphic f
ile (type png)
<use solutions/loop_unrolling/factor2/loopunrollingfactor2timing.png>
Package pdftex.def Info: solutions/loop_unrolling/factor2/loopunrollingfactor2t
iming.png  used on input line 197.
(pdftex.def)             Requested size: 375.80544pt x 328.00684pt.

Overfull \hbox (51.95743pt too wide) in paragraph at lines 206--220
 [][] 
 []


Overfull \hbox (9.18622pt too wide) in paragraph at lines 249--261
 [][] 
 []

[45
pdfTeX warning (ext4): destination with the same identifier (name{figure.21}) h
as been already used, duplicate ignored
<argument> ...shipout:D \box_use:N \l_shipout_box 
                                                  \__shipout_drop_firstpage_...
l.265 
      
pdfTeX warning (ext4): destination with the same identifier (name{table.56}) ha
s been already used, duplicate ignored
<argument> ...shipout:D \box_use:N \l_shipout_box 
                                                  \__shipout_drop_firstpage_...
l.265 
       <./solutions/loop_unrolling/factor2/loopunrollingfactor2timing.png>]
<solutions/loop_unrolling/factor2/loopunrollingfactor2power.png, id=1300, 727.2
99pt x 632.91pt>
File: solutions/loop_unrolling/factor2/loopunrollingfactor2power.png Graphic fi
le (type png)
<use solutions/loop_unrolling/factor2/loopunrollingfactor2power.png>
Package pdftex.def Info: solutions/loop_unrolling/factor2/loopunrollingfactor2p
ower.png  used on input line 270.
(pdftex.def)             Requested size: 469.75502pt x 408.79845pt.
)
[46
pdfTeX warning (ext4): destination with the same identifier (name{table.57}) ha
s been already used, duplicate ignored
<argument> ...shipout:D \box_use:N \l_shipout_box 
                                                  \__shipout_drop_firstpage_...
l.43 \newpage
             
pdfTeX warning (ext4): destination with the same identifier (name{table.58}) ha
s been already used, duplicate ignored
<argument> ...shipout:D \box_use:N \l_shipout_box 
                                                  \__shipout_drop_firstpage_...
l.43 \newpage
             
pdfTeX warning (ext4): destination with the same identifier (name{figure.22}) h
as been already used, duplicate ignored
<argument> ...shipout:D \box_use:N \l_shipout_box 
                                                  \__shipout_drop_firstpage_...
l.43 \newpage
              <./solutions/loop_unrolling/factor2/loopunrollingfactor2power.png
>] (solutions/loop_unrolling/factor4/UnrollingFactor4.tex
(solutions/loop_unrolling/factor4/fir_loop_unrolling_manual_factor4.cpp)
(solutions/loop_unrolling/factor4/fir_loop_unrolling_automatic_factor4.cpp)
(solutions/loop_unrolling/factor4/fir_loop_unrolling_automatic_partiotioning_fa
ctor4.cpp) [47]
Overfull \hbox (14.13878pt too wide) in paragraph at lines 42--57
 [][] 
 []

<solutions/loop_unrolling/factor4/loopunrollingmanual4.png, id=1371, 1083.29718
pt x 729.47531pt>
File: solutions/loop_unrolling/factor4/loopunrollingmanual4.png Graphic file (t
ype png)
<use solutions/loop_unrolling/factor4/loopunrollingmanual4.png>
Package pdftex.def Info: solutions/loop_unrolling/factor4/loopunrollingmanual4.
png  used on input line 65.
(pdftex.def)             Requested size: 422.77664pt x 284.69458pt.
[48
pdfTeX warning (ext4): destination with the same identifier (name{table.59}) ha
s been already used, duplicate ignored
<argument> ...shipout:D \box_use:N \l_shipout_box 
                                                  \__shipout_drop_firstpage_...
l.68 
     
pdfTeX warning (ext4): destination with the same identifier (name{table.60}) ha
s been already used, duplicate ignored
<argument> ...shipout:D \box_use:N \l_shipout_box 
                                                  \__shipout_drop_firstpage_...
l.68 
     
pdfTeX warning (ext4): destination with the same identifier (name{table.61}) ha
s been already used, duplicate ignored
<argument> ...shipout:D \box_use:N \l_shipout_box 
                                                  \__shipout_drop_firstpage_...
l.68 
     ]
<solutions/loop_unrolling/factor4/loopunrollingautomatic4.png, id=1377, 1081.79
156pt x 727.96968pt>
File: solutions/loop_unrolling/factor4/loopunrollingautomatic4.png Graphic file
 (type png)
<use solutions/loop_unrolling/factor4/loopunrollingautomatic4.png>
Package pdftex.def Info: solutions/loop_unrolling/factor4/loopunrollingautomati
c4.png  used on input line 71.
(pdftex.def)             Requested size: 422.77664pt x 284.49576pt.
 [49
pdfTeX warning (ext4): destination with the same identifier (name{figure.23}) h
as been already used, duplicate ignored
<argument> ...shipout:D \box_use:N \l_shipout_box 
                                                  \__shipout_drop_firstpage_...
l.76 
     
pdfTeX warning (ext4): destination with the same identifier (name{figure.24}) h
as been already used, duplicate ignored
<argument> ...shipout:D \box_use:N \l_shipout_box 
                                                  \__shipout_drop_firstpage_...
l.76 
      <./solutions/loop_unrolling/factor4/loopunrollingmanual4.png> <./solution
s/loop_unrolling/factor4/loopunrollingautomatic4.png>]
Overfull \hbox (10.5743pt too wide) in paragraph at lines 116--131
 [][] 
 []

(solutions/loop_unrolling/factor2/clk_constraint.xdc)
<solutions/loop_unrolling/factor4/loopunrollingfactor4utilization.png, id=1385,
 720.072pt x 317.55pt>
File: solutions/loop_unrolling/factor4/loopunrollingfactor4utilization.png Grap
hic file (type png)
<use solutions/loop_unrolling/factor4/loopunrollingfactor4utilization.png>
Package pdftex.def Info: solutions/loop_unrolling/factor4/loopunrollingfactor4u
tilization.png  used on input line 162.
(pdftex.def)             Requested size: 422.77664pt x 186.44194pt.
 [50
pdfTeX warning (ext4): destination with the same identifier (name{table.62}) ha
s been already used, duplicate ignored
<argument> ...shipout:D \box_use:N \l_shipout_box 
                                                  \__shipout_drop_firstpage_...
l.165 \end{figure}
                  
pdfTeX warning (ext4): destination with the same identifier (name{table.63}) ha
s been already used, duplicate ignored
<argument> ...shipout:D \box_use:N \l_shipout_box 
                                                  \__shipout_drop_firstpage_...
l.165 \end{figure}
                  
pdfTeX warning (ext4): destination with the same identifier (name{table.64}) ha
s been already used, duplicate ignored
<argument> ...shipout:D \box_use:N \l_shipout_box 
                                                  \__shipout_drop_firstpage_...
l.165 \end{figure}
                  
pdfTeX warning (ext4): destination with the same identifier (name{table.65}) ha
s been already used, duplicate ignored
<argument> ...shipout:D \box_use:N \l_shipout_box 
                                                  \__shipout_drop_firstpage_...
l.165 \end{figure}
                  ]
<solutions/loop_unrolling/factor4/loopunrollingfactor4timing.png, id=1391, 713.
94pt x 632.691pt>
File: solutions/loop_unrolling/factor4/loopunrollingfactor4timing.png Graphic f
ile (type png)
<use solutions/loop_unrolling/factor4/loopunrollingfactor4timing.png>
Package pdftex.def Info: solutions/loop_unrolling/factor4/loopunrollingfactor4t
iming.png  used on input line 192.
(pdftex.def)             Requested size: 375.80544pt x 333.0366pt.
 [51
pdfTeX warning (ext4): destination with the same identifier (name{figure.25}) h
as been already used, duplicate ignored
<argument> ...shipout:D \box_use:N \l_shipout_box 
                                                  \__shipout_drop_firstpage_...
l.196 
      
pdfTeX warning (ext4): destination with the same identifier (name{table.66}) ha
s been already used, duplicate ignored
<argument> ...shipout:D \box_use:N \l_shipout_box 
                                                  \__shipout_drop_firstpage_...
l.196 
       <./solutions/loop_unrolling/factor4/loopunrollingfactor4utilization.png>
]
Overfull \hbox (46.95741pt too wide) in paragraph at lines 201--215
 [][] 
 []


Overfull \hbox (9.18622pt too wide) in paragraph at lines 242--254
 [][] 
 []

)) [52
pdfTeX warning (ext4): destination with the same identifier (name{figure.26}) h
as been already used, duplicate ignored
<argument> ...shipout:D \box_use:N \l_shipout_box 
                                                  \__shipout_drop_firstpage_...
l.21 \newpage
             
pdfTeX warning (ext4): destination with the same identifier (name{table.67}) ha
s been already used, duplicate ignored
<argument> ...shipout:D \box_use:N \l_shipout_box 
                                                  \__shipout_drop_firstpage_...
l.21 \newpage
             
pdfTeX warning (ext4): destination with the same identifier (name{table.68}) ha
s been already used, duplicate ignored
<argument> ...shipout:D \box_use:N \l_shipout_box 
                                                  \__shipout_drop_firstpage_...
l.21 \newpage
             
pdfTeX warning (ext4): destination with the same identifier (name{table.69}) ha
s been already used, duplicate ignored
<argument> ...shipout:D \box_use:N \l_shipout_box 
                                                  \__shipout_drop_firstpage_...
l.21 \newpage
              <./solutions/loop_unrolling/factor4/loopunrollingfactor4timing.pn
g>] [53] (solutions/loop_pipelining/LoopPipelining.tex
<solutions/loop_pipelining/looppipelining.png, id=1406, 490.08093pt x 279.29344
pt>
File: solutions/loop_pipelining/looppipelining.png Graphic file (type png)
<use solutions/loop_pipelining/looppipelining.png>
Package pdftex.def Info: solutions/loop_pipelining/looppipelining.png  used on 
input line 5.
(pdftex.def)             Requested size: 469.75502pt x 267.71805pt.
 [54
pdfTeX warning (ext4): destination with the same identifier (name{figure.27}) h
as been already used, duplicate ignored
<argument> ...shipout:D \box_use:N \l_shipout_box 
                                                  \__shipout_drop_firstpage_...
l.21 ...s/loop_pipelining/fir_loop_pipelining.cpp}
                                                   <./solutions/loop_pipelining
/looppipelining.png>] (solutions/loop_pipelining/fir_loop_pipelining.cpp)
Overfull \hbox (11.02881pt too wide) in paragraph at lines 31--38
 [][] 
 []


LaTeX Warning: `h' float specifier changed to `ht'.

[55
pdfTeX warning (ext4): destination with the same identifier (name{table.70}) ha
s been already used, duplicate ignored
<argument> ...shipout:D \box_use:N \l_shipout_box 
                                                  \__shipout_drop_firstpage_...
l.147 
      
pdfTeX warning (ext4): destination with the same identifier (name{table.71}) ha
s been already used, duplicate ignored
<argument> ...shipout:D \box_use:N \l_shipout_box 
                                                  \__shipout_drop_firstpage_...
l.147 
      
pdfTeX warning (ext4): destination with the same identifier (name{table.72}) ha
s been already used, duplicate ignored
<argument> ...shipout:D \box_use:N \l_shipout_box 
                                                  \__shipout_drop_firstpage_...
l.147 
      
pdfTeX warning (ext4): destination with the same identifier (name{table.74}) ha
s been already used, duplicate ignored
<argument> ...shipout:D \box_use:N \l_shipout_box 
                                                  \__shipout_drop_firstpage_...
l.147 
      ] (solutions/loop_pipelining/clk_constraint.xdc)
Overfull \hbox (4.1824pt too wide) in paragraph at lines 181--188
 [][] 
 []

) [56
pdfTeX warning (ext4): destination with the same identifier (name{table.73}) ha
s been already used, duplicate ignored
<argument> ...shipout:D \box_use:N \l_shipout_box 
                                                  \__shipout_drop_firstpage_...
l.25 \newpage
             
pdfTeX warning (ext4): destination with the same identifier (name{table.75}) ha
s been already used, duplicate ignored
<argument> ...shipout:D \box_use:N \l_shipout_box 
                                                  \__shipout_drop_firstpage_...
l.25 \newpage
             
pdfTeX warning (ext4): destination with the same identifier (name{table.76}) ha
s been already used, duplicate ignored
<argument> ...shipout:D \box_use:N \l_shipout_box 
                                                  \__shipout_drop_firstpage_...
l.25 \newpage
             
pdfTeX warning (ext4): destination with the same identifier (name{table.77}) ha
s been already used, duplicate ignored
<argument> ...shipout:D \box_use:N \l_shipout_box 
                                                  \__shipout_drop_firstpage_...
l.25 \newpage
             
pdfTeX warning (ext4): destination with the same identifier (name{table.78}) ha
s been already used, duplicate ignored
<argument> ...shipout:D \box_use:N \l_shipout_box 
                                                  \__shipout_drop_firstpage_...
l.25 \newpage
             
pdfTeX warning (ext4): destination with the same identifier (name{table.79}) ha
s been already used, duplicate ignored
<argument> ...shipout:D \box_use:N \l_shipout_box 
                                                  \__shipout_drop_firstpage_...
l.25 \newpage
             
pdfTeX warning (ext4): destination with the same identifier (name{table.80}) ha
s been already used, duplicate ignored
<argument> ...shipout:D \box_use:N \l_shipout_box 
                                                  \__shipout_drop_firstpage_...
l.25 \newpage
             
pdfTeX warning (ext4): destination with the same identifier (name{table.81}) ha
s been already used, duplicate ignored
<argument> ...shipout:D \box_use:N \l_shipout_box 
                                                  \__shipout_drop_firstpage_...
l.25 \newpage
             ] (solutions/bitwidth_optimization/BitwidthOptimization.tex)
[57] (solutions/axi/AXI.tex)) [58] (conclusions/Conclusions.tex
<conclusions/synthesis.jpeg, id=1451, 1606.0pt x 596.2275pt>
File: conclusions/synthesis.jpeg Graphic file (type jpg)
<use conclusions/synthesis.jpeg>
Package pdftex.def Info: conclusions/synthesis.jpeg  used on input line 5.
(pdftex.def)             Requested size: 585.38303pt x 217.32555pt.
 [59]
<conclusions/hlsutilization.png, id=1456, 812.709pt x 318.207pt>
File: conclusions/hlsutilization.png Graphic file (type png)
<use conclusions/hlsutilization.png>
Package pdftex.def Info: conclusions/hlsutilization.png  used on input line 12.

(pdftex.def)             Requested size: 455.29901pt x 178.26753pt.
<conclusions/hlstripcount.png, id=1457, 818.184pt x 317.769pt>
File: conclusions/hlstripcount.png Graphic file (type png)
<use conclusions/hlstripcount.png>
Package pdftex.def Info: conclusions/hlstripcount.png  used on input line 18.
(pdftex.def)             Requested size: 455.29901pt x 176.8342pt.
 [60
pdfTeX warning (ext4): destination with the same identifier (name{figure.28}) h
as been already used, duplicate ignored
<argument> ...shipout:D \box_use:N \l_shipout_box 
                                                  \__shipout_drop_firstpage_...
l.21 \end{figure}
                  <./conclusions/synthesis.jpeg>]
<conclusions/hlslatency.png, id=1462, 813.585pt x 318.426pt>
File: conclusions/hlslatency.png Graphic file (type png)
<use conclusions/hlslatency.png>
Package pdftex.def Info: conclusions/hlslatency.png  used on input line 24.
(pdftex.def)             Requested size: 455.29901pt x 178.20071pt.
<conclusions/hlsinterval.png, id=1463, 814.68pt x 317.769pt>
File: conclusions/hlsinterval.png Graphic file (type png)
<use conclusions/hlsinterval.png>
Package pdftex.def Info: conclusions/hlsinterval.png  used on input line 30.
(pdftex.def)             Requested size: 455.29901pt x 177.59544pt.
 [61
pdfTeX warning (ext4): destination with the same identifier (name{figure.29}) h
as been already used, duplicate ignored
<argument> ...shipout:D \box_use:N \l_shipout_box 
                                                  \__shipout_drop_firstpage_...
l.34 
     
pdfTeX warning (ext4): destination with the same identifier (name{figure.30}) h
as been already used, duplicate ignored
<argument> ...shipout:D \box_use:N \l_shipout_box 
                                                  \__shipout_drop_firstpage_...
l.34 
     
pdfTeX warning (ext4): destination with the same identifier (name{figure.31}) h
as been already used, duplicate ignored
<argument> ...shipout:D \box_use:N \l_shipout_box 
                                                  \__shipout_drop_firstpage_...
l.34 
      <./conclusions/hlsutilization.png> <./conclusions/hlstripcount.png> <./co
nclusions/hlslatency.png>]
<conclusions/cosimulation.jpeg, id=1472, 789.95125pt x 687.56876pt>
File: conclusions/cosimulation.jpeg Graphic file (type jpg)
<use conclusions/cosimulation.jpeg>
Package pdftex.def Info: conclusions/cosimulation.jpeg  used on input line 38.
(pdftex.def)             Requested size: 455.29901pt x 396.2932pt.
 [62
pdfTeX warning (ext4): destination with the same identifier (name{figure.32}) h
as been already used, duplicate ignored
<argument> ...shipout:D \box_use:N \l_shipout_box 
                                                  \__shipout_drop_firstpage_...
l.42 
      <./conclusions/hlsinterval.png>]
<conclusions/hlscosimulation.png, id=1478, 1728.348pt x 650.211pt>
File: conclusions/hlscosimulation.png Graphic file (type png)
<use conclusions/hlscosimulation.png>
Package pdftex.def Info: conclusions/hlscosimulation.png  used on input line 45
.
(pdftex.def)             Requested size: 585.38303pt x 220.2255pt.
 [63
pdfTeX warning (ext4): destination with the same identifier (name{figure.33}) h
as been already used, duplicate ignored
<argument> ...shipout:D \box_use:N \l_shipout_box 
                                                  \__shipout_drop_firstpage_...
l.49 
      <./conclusions/cosimulation.jpeg>]
<conclusions/exportrtl.jpeg, id=1483, 1112.155pt x 687.56876pt>
File: conclusions/exportrtl.jpeg Graphic file (type jpg)
<use conclusions/exportrtl.jpeg>
Package pdftex.def Info: conclusions/exportrtl.jpeg  used on input line 53.
(pdftex.def)             Requested size: 585.38303pt x 361.90225pt.
 [64
pdfTeX warning (ext4): destination with the same identifier (name{figure.34}) h
as been already used, duplicate ignored
<argument> ...shipout:D \box_use:N \l_shipout_box 
                                                  \__shipout_drop_firstpage_...
l.57 
      <./conclusions/hlscosimulation.png>]
<conclusions/hlsexportrtl.png, id=1489, 1396.344pt x 317.988pt>
File: conclusions/hlsexportrtl.png Graphic file (type png)
<use conclusions/hlsexportrtl.png>
Package pdftex.def Info: conclusions/hlsexportrtl.png  used on input line 60.
(pdftex.def)             Requested size: 585.38303pt x 133.30658pt.
) [65
pdfTeX warning (ext4): destination with the same identifier (name{figure.35}) h
as been already used, duplicate ignored
<argument> ...shipout:D \box_use:N \l_shipout_box 
                                                  \__shipout_drop_firstpage_...
l.79     \newpage
                  <./conclusions/exportrtl.jpeg>] [66
pdfTeX warning (ext4): destination with the same identifier (name{figure.36}) h
as been already used, duplicate ignored
<argument> ...shipout:D \box_use:N \l_shipout_box 
                                                  \__shipout_drop_firstpage_...
l.79     \newpage
                  <./conclusions/hlsexportrtl.png>] (main.aux)

LaTeX Warning: There were multiply-defined labels.

 )
(\end occurred inside a group at level 1)

### simple group (level 1) entered at line 1 ({)
### bottom level 
Here is how much of TeX's memory you used:
 15384 strings out of 475385
 259551 string characters out of 2793321
 1886405 words of memory out of 3000000
 35324 multiletter control sequences out of 15000+600000
 476651 words of font info for 54 fonts, out of 8000000 for 9000
 1141 hyphenation exceptions out of 8191
 72i,12n,77p,1328b,2251s stack positions out of 10000i,1000n,20000p,200000b,80000s
 <C:\Users\giorg\AppData\Local\MiKTeX\fonts/pk/ljfour/jknappen/
ec/dpi600\tcrm0700.pk> <C:\Users\giorg\AppData\Local\MiKTeX\fonts/pk/ljfour/jkn
appen/ec/dpi600\tcrm1000.pk> <C:\Users\giorg\AppData\Local\MiKTeX\fonts/pk/ljfo
ur/jknappen/ec/dpi600\tcbx0700.pk><D:/MikTex/fonts/type1/public/amsfonts/cm/cmb
x10.pfb><D:/MikTex/fonts/type1/public/amsfonts/cm/cmbx12.pfb><D:/MikTex/fonts/t
ype1/public/amsfonts/cm/cmex10.pfb><D:/MikTex/fonts/type1/public/amsfonts/cm/cm
mi10.pfb><D:/MikTex/fonts/type1/public/amsfonts/cm/cmmi7.pfb><D:/MikTex/fonts/t
ype1/public/amsfonts/cm/cmr10.pfb><D:/MikTex/fonts/type1/public/amsfonts/cm/cmr
12.pfb><D:/MikTex/fonts/type1/public/amsfonts/cm/cmr17.pfb><D:/MikTex/fonts/typ
e1/public/amsfonts/cm/cmr5.pfb><D:/MikTex/fonts/type1/public/amsfonts/cm/cmr7.p
fb><D:/MikTex/fonts/type1/public/amsfonts/cm/cmsy10.pfb><D:/MikTex/fonts/type1/
public/amsfonts/cm/cmsy7.pfb><D:/MikTex/fonts/type1/public/amsfonts/cm/cmti10.p
fb><D:/MikTex/fonts/type1/public/amsfonts/cm/cmtt8.pfb>
Output written on main.pdf (66 pages, 4259340 bytes).
PDF statistics:
 1840 PDF objects out of 2073 (max. 8388607)
 1031 named destinations out of 1200 (max. 500000)
 351 words of extra memory for PDF output out of 10000 (max. 10000000)

