

================================================================
== Vivado HLS Report for 'firConvolutionCodeHoisting'
================================================================
* Date:           Fri Apr 26 12:37:39 2024

* Version:        2018.3 (Build 2405991 on Thu Dec 06 23:56:15 MST 2018)
* Project:        fir_filter
* Solution:       CodeHoistingSolution
* Product family: zynq
* Target device:  xc7z020clg484-1


================================================================
== Performance Estimates
================================================================
+ Timing (ns): 
    * Summary: 
    +--------+-------+----------+------------+
    |  Clock | Target| Estimated| Uncertainty|
    +--------+-------+----------+------------+
    |ap_clk  |  10.00|     8.510|        1.25|
    +--------+-------+----------+------------+

+ Latency (clock cycles): 
    * Summary: 
    +-----+-----+-----+-----+---------+
    |  Latency  |  Interval | Pipeline|
    | min | max | min | max |   Type  |
    +-----+-----+-----+-----+---------+
    |   42|   42|   42|   42|   none  |
    +-----+-----+-----+-----+---------+

    + Detail: 
        * Instance: 
        N/A

        * Loop: 
        +----------+-----+-----+----------+-----------+-----------+------+----------+
        |          |  Latency  | Iteration|  Initiation Interval  | Trip |          |
        | Loop Name| min | max |  Latency |  achieved |   target  | Count| Pipelined|
        +----------+-----+-----+----------+-----------+-----------+------+----------+
        |- loop    |   40|   40|         4|          -|          -|    10|    no    |
        +----------+-----+-----+----------+-----------+-----------+------+----------+



================================================================
== Utilization Estimates
================================================================
* Summary: 
+-----------------+---------+-------+--------+-------+
|       Name      | BRAM_18K| DSP48E|   FF   |  LUT  |
+-----------------+---------+-------+--------+-------+
|DSP              |        -|      -|       -|      -|
|Expression       |        -|      4|       0|    140|
|FIFO             |        -|      -|       -|      -|
|Instance         |        -|      -|       -|      -|
|Memory           |        0|      -|      74|      8|
|Multiplexer      |        -|      -|       -|     92|
|Register         |        -|      -|     156|      -|
+-----------------+---------+-------+--------+-------+
|Total            |        0|      4|     230|    240|
+-----------------+---------+-------+--------+-------+
|Available        |      280|    220|  106400|  53200|
+-----------------+---------+-------+--------+-------+
|Utilization (%)  |        0|      1|   ~0   |   ~0  |
+-----------------+---------+-------+--------+-------+

+ Detail: 
    * Instance: 
    N/A

    * DSP48: 
    N/A

    * Memory: 
    +-----------------------+----------------------+---------+----+----+------+-----+------+-------------+
    |         Memory        |        Module        | BRAM_18K| FF | LUT| Words| Bits| Banks| W*Bits*Banks|
    +-----------------------+----------------------+---------+----+----+------+-----+------+-------------+
    |shiftRegister_U        |firConvolutionCodbkb  |        0|  64|   6|    11|   32|     1|          352|
    |coefficientsFilter1_U  |firConvolutionCodcud  |        0|  10|   2|    11|   10|     1|          110|
    +-----------------------+----------------------+---------+----+----+------+-----+------+-------------+
    |Total                  |                      |        0|  74|   8|    22|   42|     2|          462|
    +-----------------------+----------------------+---------+----+----+------+-----+------+-------------+

    * FIFO: 
    N/A

    * Expression: 
    +-------------------------+----------+-------+---+----+------------+------------+
    |      Variable Name      | Operation| DSP48E| FF| LUT| Bitwidth P0| Bitwidth P1|
    +-------------------------+----------+-------+---+----+------------+------------+
    |tmp_4_fu_142_p2          |     *    |      2|  0|  20|          32|          10|
    |tmp_6_fu_134_p2          |     *    |      2|  0|  20|          32|           6|
    |accumulator_1_fu_147_p2  |     +    |      0|  0|  39|          32|          32|
    |i_1_fu_118_p2            |     +    |      0|  0|  13|           4|           2|
    |outputFilter             |     +    |      0|  0|  39|          32|          32|
    |tmp_fu_112_p2            |   icmp   |      0|  0|   9|           4|           1|
    +-------------------------+----------+-------+---+----+------------+------------+
    |Total                    |          |      4|  0| 140|         136|          83|
    +-------------------------+----------+-------+---+----+------------+------------+

    * Multiplexer: 
    +------------------------+----+-----------+-----+-----------+
    |          Name          | LUT| Input Size| Bits| Total Bits|
    +------------------------+----+-----------+-----+-----------+
    |accumulator_reg_89      |   9|          2|   32|         64|
    |ap_NS_fsm               |  38|          7|    1|          7|
    |i_reg_101               |   9|          2|    4|          8|
    |shiftRegister_address0  |  21|          4|    4|         16|
    |shiftRegister_d0        |  15|          3|   32|         96|
    +------------------------+----+-----------+-----+-----------+
    |Total                   |  92|         18|   73|        191|
    +------------------------+----+-----------+-----+-----------+

    * Register: 
    +-------------------------------+----+----+-----+-----------+
    |              Name             | FF | LUT| Bits| Const Bits|
    +-------------------------------+----+----+-----+-----------+
    |accumulator_reg_89             |  32|   0|   32|          0|
    |ap_CS_fsm                      |   6|   0|    6|          0|
    |coefficientsFilter1_1_reg_197  |  10|   0|   10|          0|
    |i_1_reg_167                    |   4|   0|    4|          0|
    |i_reg_101                      |   4|   0|    4|          0|
    |shiftRegister_load_reg_192     |  32|   0|   32|          0|
    |tmp_3_reg_177                  |   4|   0|   64|         60|
    |tmp_4_reg_202                  |  32|   0|   32|          0|
    |tmp_6_reg_187                  |  32|   0|   32|          0|
    +-------------------------------+----+----+-----+-----------+
    |Total                          | 156|   0|  216|         60|
    +-------------------------------+----+----+-----+-----------+



================================================================
== Interface
================================================================
* Summary: 
+---------------------+-----+-----+------------+----------------------------+--------------+
|      RTL Ports      | Dir | Bits|  Protocol  |        Source Object       |    C Type    |
+---------------------+-----+-----+------------+----------------------------+--------------+
|ap_clk               |  in |    1| ap_ctrl_hs | firConvolutionCodeHoisting | return value |
|ap_rst               |  in |    1| ap_ctrl_hs | firConvolutionCodeHoisting | return value |
|ap_start             |  in |    1| ap_ctrl_hs | firConvolutionCodeHoisting | return value |
|ap_done              | out |    1| ap_ctrl_hs | firConvolutionCodeHoisting | return value |
|ap_idle              | out |    1| ap_ctrl_hs | firConvolutionCodeHoisting | return value |
|ap_ready             | out |    1| ap_ctrl_hs | firConvolutionCodeHoisting | return value |
|inputFilter          |  in |   32|   ap_none  |         inputFilter        |    scalar    |
|outputFilter         | out |   32|   ap_vld   |        outputFilter        |    pointer   |
|outputFilter_ap_vld  | out |    1|   ap_vld   |        outputFilter        |    pointer   |
+---------------------+-----+-----+------------+----------------------------+--------------+

